<test-run id="2" duration="0.016629900000000003" testcasecount="2" total="2" passed="2" failed="0" inconclusive="0" skipped="0" result="Passed" start-time="2025-03-05T06:00:43Z" end-time="2025-03-05T06:00:44Z">
  <test-suite type="Assembly" name="TestBucket.Formats.UnitTests.dll" fullname="D:\local\code\testbucket\tests\TestBucket.Formats.UnitTests\bin\Debug\net9.0\TestBucket.Formats.UnitTests.dll" total="2" passed="2" failed="0" inconclusive="0" skipped="0" result="Passed" start-time="2025-03-05T06:00:43Z" end-time="2025-03-05T06:00:43Z" duration="0.0166299">
    <test-suite type="TestSuite" name="TestBucket" fullname="TestBucket" total="2" passed="2" failed="0" inconclusive="0" skipped="0" result="Passed" start-time="2025-03-05T06:00:43Z" end-time="2025-03-05T06:00:43Z" duration="0.0166299">
      <test-suite type="TestSuite" name="Formats" fullname="TestBucket.Formats" total="2" passed="2" failed="0" inconclusive="0" skipped="0" result="Passed" start-time="2025-03-05T06:00:43Z" end-time="2025-03-05T06:00:43Z" duration="0.0166299">
        <test-suite type="TestSuite" name="UnitTests" fullname="TestBucket.Formats.UnitTests" total="2" passed="2" failed="0" inconclusive="0" skipped="0" result="Passed" start-time="2025-03-05T06:00:43Z" end-time="2025-03-05T06:00:43Z" duration="0.0166299">
          <test-suite type="TestSuite" name="JUnit" fullname="TestBucket.Formats.UnitTests.JUnit" total="2" passed="2" failed="0" inconclusive="0" skipped="0" result="Passed" start-time="2025-03-05T06:00:43Z" end-time="2025-03-05T06:00:43Z" duration="0.0166299">
            <test-suite type="TestFixture" name="JUnitSerializerTests" fullname="TestBucket.Formats.UnitTests.JUnit.JUnitSerializerTests" classname="TestBucket.Formats.UnitTests.JUnit.JUnitSerializerTests" total="2" passed="2" failed="0" inconclusive="0" skipped="0" result="Passed" start-time="2025-03-05T06:00:43Z" end-time="2025-03-05T06:00:43Z" duration="0.0166299">
              <test-case name="TestBucket.Formats.UnitTests.JUnit.JUnitSerializerTests.Deserialize_WithTwoTestSuites_TwoRunsDeserializedWithCorrectNames" fullname="TestBucket.Formats.UnitTests.JUnit.JUnitSerializerTests.Deserialize_WithTwoTestSuites_TwoRunsDeserializedWithCorrectNames" methodname="Deserialize_WithTwoTestSuites_TwoRunsDeserializedWithCorrectNames" classname="JUnitSerializerTests" result="Passed" start-time="2025-03-05T06:00:43Z" end-time="2025-03-05T06:00:43Z" duration="0.0161394" asserts="0" />
              <test-case name="TestBucket.Formats.UnitTests.JUnit.JUnitSerializerTests.Deserialize_WithoutTestSuitesName_RunNameFromFirstSuite" fullname="TestBucket.Formats.UnitTests.JUnit.JUnitSerializerTests.Deserialize_WithoutTestSuitesName_RunNameFromFirstSuite" methodname="Deserialize_WithoutTestSuitesName_RunNameFromFirstSuite" classname="JUnitSerializerTests" result="Passed" start-time="2025-03-05T06:00:43Z" end-time="2025-03-05T06:00:43Z" duration="0.0004905" asserts="0" />
            </test-suite>
          </test-suite>
        </test-suite>
      </test-suite>
    </test-suite>
    <errors />
  </test-suite>
</test-run>