<testsuites>
  <testsuite name="TestBucket.Formats.UnitTests.dll" tests="5" skipped="0" failures="0" errors="0" time="0.038397600000000004" timestamp="2025-03-05T07:30:53" hostname="DESKTOP-E71H2EF" id="0" package="TestBucket.Formats.UnitTests.dll">
    <properties />
    <testcase classname="TestBucket.Formats.UnitTests.JUnit.JUnitSerializerTests" name="Deserialize_WithTwoTestSuites_TwoRunsDeserializedWithCorrectNames" time="0.0182750">
      <properties>
        <property name="Product Component" value="TestBucket.Formats" />
        <property name="Format" value="JUnit" />
      </properties>
    </testcase>
    <testcase classname="TestBucket.Formats.UnitTests.XUnit.XUnitSerializerTests" name="Deserialize_WithTraitsOnTest_TwoTestsDeserializedWithCorrectTraits" time="0.0182544">
      <properties>
        <property name="Description" value="Verifies that a xunit xml containing traits on the test element are extracted as traits" />
        <property name="Product Component" value="TestBucket.Formats" />
        <property name="Format" value="XUnit" />
      </properties>
    </testcase>
    <testcase classname="TestBucket.Formats.UnitTests.XUnit.XUnitSerializerTests" name="Deserialize_WithTwoTestSuites_TwoRunsDeserializedWithCorrectNames" time="0.0003066">
      <properties>
        <property name="Product Component" value="TestBucket.Formats" />
        <property name="Format" value="XUnit" />
      </properties>
    </testcase>
    <testcase classname="TestBucket.Formats.UnitTests.JUnit.JUnitSerializerTests" name="Deserialize_WithPropertiesOnTest_TwoTestsDeserializedWithCorrectTraits" time="0.0012090">
      <properties>
        <property name="Product Component" value="TestBucket.Formats" />
        <property name="Format" value="JUnit" />
      </properties>
    </testcase>
    <testcase classname="TestBucket.Formats.UnitTests.JUnit.JUnitSerializerTests" name="Deserialize_WithoutTestSuitesName_RunNameFromFirstSuite" time="0.0003526">
      <properties>
        <property name="Product Component" value="TestBucket.Formats" />
        <property name="Format" value="JUnit" />
      </properties>
    </testcase>
    <system-out>
Test Framework Informational Messages:
[xUnit.net 00:00:00.00] xUnit.net VSTest Adapter v2.8.2+699d445a1a (64-bit .NET 9.0.0)
[xUnit.net 00:00:00.06]   Discovering: TestBucket.Formats.UnitTests
[xUnit.net 00:00:00.09]   Discovered:  TestBucket.Formats.UnitTests
[xUnit.net 00:00:00.10]   Starting:    TestBucket.Formats.UnitTests
[xUnit.net 00:00:00.16]   Finished:    TestBucket.Formats.UnitTests
</system-out>
    <system-err></system-err>
  </testsuite>
</testsuites>